app/build/intermediates/manifest_merge_blame_file/fdroidRelease/processFdroidReleaseMainManifest/manifest-merger-blame-fdroid-release-report.txt
1<?xml version="1.0" encoding="utf-8"?>
2<manifest xmlns:android="http://schemas.android.com/apk/res/android"
3    package="moe.nb4a"
4    android:installLocation="internalOnly"
5    android:versionCode="230"
6    android:versionName="1.4.3" >
7
8    <uses-sdk
8-->src\main\AndroidManifest.xml:6:5-105
9        android:minSdkVersion="21"
10        android:targetSdkVersion="35" />
11
12    <permission
13        android:name="moe.nb4a.SERVICE"
13-->src\main\AndroidManifest.xml:9:9-48
14        android:protectionLevel="signature" />
14-->src\main\AndroidManifest.xml:10:9-44
15
16    <uses-permission android:name="moe.nb4a.SERVICE" />
16-->src\main\AndroidManifest.xml:12:22-61
17    <uses-permission android:name="android.permission.ACCESS_NETWORK_STATE" />
17-->src\main\AndroidManifest.xml:13:5-79
17-->src\main\AndroidManifest.xml:13:22-76
18    <uses-permission android:name="android.permission.CHANGE_NETWORK_STATE" />
18-->src\main\AndroidManifest.xml:14:5-79
18-->src\main\AndroidManifest.xml:14:22-76
19    <uses-permission android:name="android.permission.FOREGROUND_SERVICE" />
19-->src\main\AndroidManifest.xml:15:5-77
19-->src\main\AndroidManifest.xml:15:22-74
20    <uses-permission android:name="android.permission.FOREGROUND_SERVICE_SYSTEM_EXEMPTED" />
20-->src\main\AndroidManifest.xml:16:5-93
20-->src\main\AndroidManifest.xml:16:22-90
21    <uses-permission android:name="android.permission.INTERNET" />
21-->src\main\AndroidManifest.xml:17:5-67
21-->src\main\AndroidManifest.xml:17:22-64
22    <uses-permission android:name="android.permission.RECEIVE_BOOT_COMPLETED" />
22-->src\main\AndroidManifest.xml:18:5-81
22-->src\main\AndroidManifest.xml:18:22-78
23    <uses-permission android:name="android.permission.WAKE_LOCK" />
23-->src\main\AndroidManifest.xml:19:5-68
23-->src\main\AndroidManifest.xml:19:22-65
24    <uses-permission android:name="android.permission.POST_NOTIFICATIONS" />
24-->src\main\AndroidManifest.xml:20:5-77
24-->src\main\AndroidManifest.xml:20:22-74
25    <uses-permission android:name="android.permission.EXPAND_STATUS_BAR" />
25-->src\main\AndroidManifest.xml:21:5-76
25-->src\main\AndroidManifest.xml:21:22-73
26    <uses-permission android:name="android.permission.SYSTEM_ALERT_WINDOW" />
26-->src\main\AndroidManifest.xml:22:5-78
26-->src\main\AndroidManifest.xml:22:22-75
27    <uses-permission android:name="android.permission.QUERY_ALL_PACKAGES" />
27-->src\main\AndroidManifest.xml:24:5-26:50
27-->src\main\AndroidManifest.xml:25:9-61
28    <uses-permission android:name="com.android.permission.GET_INSTALLED_APPS" />
28-->src\main\AndroidManifest.xml:27:5-81
28-->src\main\AndroidManifest.xml:27:22-78
29    <uses-permission android:name="android.permission.CAMERA" />
29-->src\main\AndroidManifest.xml:29:5-65
29-->src\main\AndroidManifest.xml:29:22-62
30    <uses-permission android:name="android.permission.REQUEST_IGNORE_BATTERY_OPTIMIZATIONS" />
30-->src\main\AndroidManifest.xml:30:5-95
30-->src\main\AndroidManifest.xml:30:22-92
31
32    <uses-feature
32-->src\main\AndroidManifest.xml:32:5-34:36
33        android:name="android.software.leanback"
33-->src\main\AndroidManifest.xml:33:9-49
34        android:required="false" />
34-->src\main\AndroidManifest.xml:34:9-33
35    <uses-feature
35-->src\main\AndroidManifest.xml:35:5-37:36
36        android:name="android.hardware.touchscreen"
36-->src\main\AndroidManifest.xml:36:9-52
37        android:required="false" />
37-->src\main\AndroidManifest.xml:37:9-33
38    <uses-feature
38-->src\main\AndroidManifest.xml:38:5-40:36
39        android:name="android.hardware.camera"
39-->src\main\AndroidManifest.xml:39:9-47
40        android:required="false" />
40-->src\main\AndroidManifest.xml:40:9-33
41    <uses-feature
41-->src\main\AndroidManifest.xml:41:5-43:36
42        android:name="android.hardware.camera.autofocus"
42-->src\main\AndroidManifest.xml:42:9-57
43        android:required="false" />
43-->src\main\AndroidManifest.xml:43:9-33
44
45    <queries>
45-->src\main\AndroidManifest.xml:45:5-49:15
46        <intent>
46-->src\main\AndroidManifest.xml:46:9-48:18
47            <action android:name="io.nekohasekai.sagernet.plugin.ACTION_NATIVE_PLUGIN" />
47-->src\main\AndroidManifest.xml:47:13-90
47-->src\main\AndroidManifest.xml:47:21-87
48        </intent>
49    </queries>
50
51    <uses-permission android:name="android.permission.VIBRATE" />
51-->[com.github.jenly1314:zxing-lite:2.1.1] AndroidManifest.xml:13:5-66
51-->[com.github.jenly1314:zxing-lite:2.1.1] AndroidManifest.xml:13:22-63
52    <uses-permission android:name="android.permission.FLASHLIGHT" />
52-->[com.github.jenly1314:zxing-lite:2.1.1] AndroidManifest.xml:14:5-69
52-->[com.github.jenly1314:zxing-lite:2.1.1] AndroidManifest.xml:14:22-66
53    <uses-permission android:name="android.permission.READ_EXTERNAL_STORAGE" />
53-->[com.github.jenly1314:zxing-lite:2.1.1] AndroidManifest.xml:15:5-80
53-->[com.github.jenly1314:zxing-lite:2.1.1] AndroidManifest.xml:15:22-77
54    <uses-permission android:name="android.permission.WRITE_EXTERNAL_STORAGE" />
54-->[com.github.jenly1314:zxing-lite:2.1.1] AndroidManifest.xml:16:5-81
54-->[com.github.jenly1314:zxing-lite:2.1.1] AndroidManifest.xml:16:22-78
55
56    <permission
56-->[androidx.core:core:1.13.0] AndroidManifest.xml:22:5-24:47
57        android:name="moe.nb4a.DYNAMIC_RECEIVER_NOT_EXPORTED_PERMISSION"
57-->[androidx.core:core:1.13.0] AndroidManifest.xml:23:9-81
58        android:protectionLevel="signature" />
58-->[androidx.core:core:1.13.0] AndroidManifest.xml:24:9-44
59
60    <uses-permission android:name="moe.nb4a.DYNAMIC_RECEIVER_NOT_EXPORTED_PERMISSION" />
60-->[androidx.core:core:1.13.0] AndroidManifest.xml:26:5-97
60-->[androidx.core:core:1.13.0] AndroidManifest.xml:26:22-94
61
62    <application
62-->src\main\AndroidManifest.xml:51:5-351:19
63        android:name="io.nekohasekai.sagernet.SagerNet"
63-->src\main\AndroidManifest.xml:52:9-56
64        android:allowBackup="true"
64-->src\main\AndroidManifest.xml:53:9-35
65        android:appComponentFactory="androidx.core.app.CoreComponentFactory"
65-->[androidx.core:core:1.13.0] AndroidManifest.xml:28:18-86
66        android:autoRevokePermissions="allowed"
66-->src\main\AndroidManifest.xml:54:9-48
67        android:banner="@mipmap/ic_launcher"
67-->src\main\AndroidManifest.xml:55:9-45
68        android:dataExtractionRules="@xml/backup_rules"
68-->src\main\AndroidManifest.xml:56:9-56
69        android:extractNativeLibs="true"
70        android:fullBackupContent="@xml/backup_descriptor"
70-->src\main\AndroidManifest.xml:57:9-59
71        android:fullBackupOnly="true"
71-->src\main\AndroidManifest.xml:58:9-38
72        android:hardwareAccelerated="true"
72-->src\main\AndroidManifest.xml:59:9-43
73        android:hasFragileUserData="true"
73-->src\main\AndroidManifest.xml:60:9-42
74        android:icon="@mipmap/ic_launcher"
74-->src\main\AndroidManifest.xml:61:9-43
75        android:label="@string/app_name"
75-->src\main\AndroidManifest.xml:62:9-41
76        android:largeHeap="true"
76-->src\main\AndroidManifest.xml:63:9-33
77        android:localeConfig="@xml/_generated_res_locale_config"
78        android:networkSecurityConfig="@xml/network_security_config"
78-->src\main\AndroidManifest.xml:64:9-69
79        android:roundIcon="@mipmap/ic_launcher"
79-->src\main\AndroidManifest.xml:65:9-48
80        android:supportsRtl="true"
80-->src\main\AndroidManifest.xml:66:9-35
81        android:testOnly="true"
82        android:theme="@style/Theme.Start" >
82-->src\main\AndroidManifest.xml:67:9-43
83        <meta-data
83-->src\main\AndroidManifest.xml:68:9-70:49
84            android:name="android.app.shortcuts"
84-->src\main\AndroidManifest.xml:69:13-49
85            android:resource="@xml/shortcuts" />
85-->src\main\AndroidManifest.xml:70:13-46
86
87        <activity
87-->src\main\AndroidManifest.xml:72:9-74:46
88            android:name="io.nekohasekai.sagernet.ui.BlankActivity"
88-->src\main\AndroidManifest.xml:73:13-68
89            android:configChanges="uiMode" />
89-->src\main\AndroidManifest.xml:74:13-43
90        <activity
90-->src\main\AndroidManifest.xml:76:9-144:20
91            android:name="io.nekohasekai.sagernet.ui.MainActivity"
91-->src\main\AndroidManifest.xml:77:13-67
92            android:configChanges="uiMode"
92-->src\main\AndroidManifest.xml:78:13-43
93            android:exported="true"
93-->src\main\AndroidManifest.xml:79:13-36
94            android:launchMode="singleTask" >
94-->src\main\AndroidManifest.xml:80:13-44
95            <intent-filter>
95-->src\main\AndroidManifest.xml:81:13-85:29
96                <action android:name="android.intent.action.MAIN" />
96-->src\main\AndroidManifest.xml:82:17-69
96-->src\main\AndroidManifest.xml:82:25-66
97
98                <category android:name="android.intent.category.LAUNCHER" />
98-->src\main\AndroidManifest.xml:84:17-77
98-->src\main\AndroidManifest.xml:84:27-74
99            </intent-filter>
100            <intent-filter>
100-->src\main\AndroidManifest.xml:87:13-91:29
101                <action android:name="android.intent.action.MAIN" />
101-->src\main\AndroidManifest.xml:82:17-69
101-->src\main\AndroidManifest.xml:82:25-66
102
103                <category android:name="android.intent.category.LEANBACK_LAUNCHER" />
103-->src\main\AndroidManifest.xml:90:17-86
103-->src\main\AndroidManifest.xml:90:27-83
104            </intent-filter>
105            <intent-filter>
105-->src\main\AndroidManifest.xml:92:13-94:29
106                <action android:name="android.service.quicksettings.action.QS_TILE_PREFERENCES" />
106-->src\main\AndroidManifest.xml:93:17-99
106-->src\main\AndroidManifest.xml:93:25-96
107            </intent-filter>
108            <intent-filter android:label="@string/subscription_import" >
108-->src\main\AndroidManifest.xml:96:13-106:29
108-->src\main\AndroidManifest.xml:96:28-71
109                <action android:name="android.intent.action.VIEW" />
109-->src\main\AndroidManifest.xml:97:17-69
109-->src\main\AndroidManifest.xml:97:25-66
110
111                <category android:name="android.intent.category.DEFAULT" />
111-->src\main\AndroidManifest.xml:99:17-76
111-->src\main\AndroidManifest.xml:99:27-73
112                <category android:name="android.intent.category.BROWSABLE" />
112-->src\main\AndroidManifest.xml:100:17-78
112-->src\main\AndroidManifest.xml:100:27-75
113
114                <data
114-->src\main\AndroidManifest.xml:102:17-104:43
115                    android:host="subscription"
115-->src\main\AndroidManifest.xml:103:21-48
116                    android:scheme="sn" />
116-->src\main\AndroidManifest.xml:104:21-40
117            </intent-filter>
118            <intent-filter android:label="@string/subscription_import" >
118-->src\main\AndroidManifest.xml:108:13-117:29
118-->src\main\AndroidManifest.xml:108:28-71
119                <action android:name="android.intent.action.VIEW" />
119-->src\main\AndroidManifest.xml:97:17-69
119-->src\main\AndroidManifest.xml:97:25-66
120
121                <category android:name="android.intent.category.DEFAULT" />
121-->src\main\AndroidManifest.xml:99:17-76
121-->src\main\AndroidManifest.xml:99:27-73
122                <category android:name="android.intent.category.BROWSABLE" />
122-->src\main\AndroidManifest.xml:100:17-78
122-->src\main\AndroidManifest.xml:100:27-75
123
124                <data
124-->src\main\AndroidManifest.xml:102:17-104:43
125                    android:host="install-config"
125-->src\main\AndroidManifest.xml:103:21-48
126                    android:scheme="clash" />
126-->src\main\AndroidManifest.xml:104:21-40
127            </intent-filter>
128            <intent-filter android:label="@string/profile_import" >
128-->src\main\AndroidManifest.xml:119:13-139:29
128-->src\main\AndroidManifest.xml:119:28-66
129                <action android:name="android.intent.action.VIEW" />
129-->src\main\AndroidManifest.xml:97:17-69
129-->src\main\AndroidManifest.xml:97:25-66
130
131                <category android:name="android.intent.category.DEFAULT" />
131-->src\main\AndroidManifest.xml:99:17-76
131-->src\main\AndroidManifest.xml:99:27-73
132                <category android:name="android.intent.category.BROWSABLE" />
132-->src\main\AndroidManifest.xml:100:17-78
132-->src\main\AndroidManifest.xml:100:27-75
133
134                <data android:scheme="sn" />
134-->src\main\AndroidManifest.xml:102:17-104:43
134-->src\main\AndroidManifest.xml:104:21-40
135                <data android:scheme="ss" />
135-->src\main\AndroidManifest.xml:102:17-104:43
135-->src\main\AndroidManifest.xml:104:21-40
136                <data android:scheme="ssr" />
136-->src\main\AndroidManifest.xml:102:17-104:43
136-->src\main\AndroidManifest.xml:104:21-40
137                <data android:scheme="socks" />
137-->src\main\AndroidManifest.xml:102:17-104:43
137-->src\main\AndroidManifest.xml:104:21-40
138                <data android:scheme="socks4" />
138-->src\main\AndroidManifest.xml:102:17-104:43
138-->src\main\AndroidManifest.xml:104:21-40
139                <data android:scheme="socksa" />
139-->src\main\AndroidManifest.xml:102:17-104:43
139-->src\main\AndroidManifest.xml:104:21-40
140                <data android:scheme="socks5" />
140-->src\main\AndroidManifest.xml:102:17-104:43
140-->src\main\AndroidManifest.xml:104:21-40
141                <data android:scheme="vmess" />
141-->src\main\AndroidManifest.xml:102:17-104:43
141-->src\main\AndroidManifest.xml:104:21-40
142                <data android:scheme="trojan" />
142-->src\main\AndroidManifest.xml:102:17-104:43
142-->src\main\AndroidManifest.xml:104:21-40
143                <data android:scheme="trojan-go" />
143-->src\main\AndroidManifest.xml:102:17-104:43
143-->src\main\AndroidManifest.xml:104:21-40
144                <data android:scheme="naive+https" />
144-->src\main\AndroidManifest.xml:102:17-104:43
144-->src\main\AndroidManifest.xml:104:21-40
145                <data android:scheme="naive+quic" />
145-->src\main\AndroidManifest.xml:102:17-104:43
145-->src\main\AndroidManifest.xml:104:21-40
146                <data android:scheme="hysteria" />
146-->src\main\AndroidManifest.xml:102:17-104:43
146-->src\main\AndroidManifest.xml:104:21-40
147            </intent-filter>
148
149            <meta-data
149-->src\main\AndroidManifest.xml:68:9-70:49
150                android:name="android.app.shortcuts"
150-->src\main\AndroidManifest.xml:69:13-49
151                android:resource="@xml/shortcuts" />
151-->src\main\AndroidManifest.xml:70:13-46
152        </activity>
153        <activity
153-->src\main\AndroidManifest.xml:145:9-148:39
154            android:name="io.nekohasekai.sagernet.ui.VpnRequestActivity"
154-->src\main\AndroidManifest.xml:146:13-73
155            android:excludeFromRecents="true"
155-->src\main\AndroidManifest.xml:147:13-46
156            android:taskAffinity="" />
156-->src\main\AndroidManifest.xml:148:13-36
157        <activity
157-->src\main\AndroidManifest.xml:149:9-151:46
158            android:name="io.nekohasekai.sagernet.ui.profile.ConfigEditActivity"
158-->src\main\AndroidManifest.xml:150:13-81
159            android:configChanges="uiMode" />
159-->src\main\AndroidManifest.xml:151:13-43
160        <activity
160-->src\main\AndroidManifest.xml:152:9-154:46
161            android:name="io.nekohasekai.sagernet.ui.profile.SocksSettingsActivity"
161-->src\main\AndroidManifest.xml:153:13-84
162            android:configChanges="uiMode" />
162-->src\main\AndroidManifest.xml:154:13-43
163        <activity
163-->src\main\AndroidManifest.xml:155:9-157:46
164            android:name="io.nekohasekai.sagernet.ui.profile.HttpSettingsActivity"
164-->src\main\AndroidManifest.xml:156:13-83
165            android:configChanges="uiMode" />
165-->src\main\AndroidManifest.xml:157:13-43
166        <activity
166-->src\main\AndroidManifest.xml:158:9-160:46
167            android:name="io.nekohasekai.sagernet.ui.profile.ShadowsocksSettingsActivity"
167-->src\main\AndroidManifest.xml:159:13-90
168            android:configChanges="uiMode" />
168-->src\main\AndroidManifest.xml:160:13-43
169        <activity
169-->src\main\AndroidManifest.xml:161:9-163:46
170            android:name="io.nekohasekai.sagernet.ui.profile.VMessSettingsActivity"
170-->src\main\AndroidManifest.xml:162:13-84
171            android:configChanges="uiMode" />
171-->src\main\AndroidManifest.xml:163:13-43
172        <activity
172-->src\main\AndroidManifest.xml:164:9-166:46
173            android:name="io.nekohasekai.sagernet.ui.profile.TrojanSettingsActivity"
173-->src\main\AndroidManifest.xml:165:13-85
174            android:configChanges="uiMode" />
174-->src\main\AndroidManifest.xml:166:13-43
175        <activity
175-->src\main\AndroidManifest.xml:167:9-169:46
176            android:name="io.nekohasekai.sagernet.ui.profile.TrojanGoSettingsActivity"
176-->src\main\AndroidManifest.xml:168:13-87
177            android:configChanges="uiMode" />
177-->src\main\AndroidManifest.xml:169:13-43
178        <activity
178-->src\main\AndroidManifest.xml:170:9-172:46
179            android:name="io.nekohasekai.sagernet.ui.profile.MieruSettingsActivity"
179-->src\main\AndroidManifest.xml:171:13-84
180            android:configChanges="uiMode" />
180-->src\main\AndroidManifest.xml:172:13-43
181        <activity
181-->src\main\AndroidManifest.xml:173:9-175:46
182            android:name="io.nekohasekai.sagernet.ui.profile.NaiveSettingsActivity"
182-->src\main\AndroidManifest.xml:174:13-84
183            android:configChanges="uiMode" />
183-->src\main\AndroidManifest.xml:175:13-43
184        <activity
184-->src\main\AndroidManifest.xml:176:9-178:46
185            android:name="io.nekohasekai.sagernet.ui.profile.HysteriaSettingsActivity"
185-->src\main\AndroidManifest.xml:177:13-87
186            android:configChanges="uiMode" />
186-->src\main\AndroidManifest.xml:178:13-43
187        <activity
187-->src\main\AndroidManifest.xml:179:9-181:46
188            android:name="io.nekohasekai.sagernet.ui.profile.SSHSettingsActivity"
188-->src\main\AndroidManifest.xml:180:13-82
189            android:configChanges="uiMode" />
189-->src\main\AndroidManifest.xml:181:13-43
190        <activity
190-->src\main\AndroidManifest.xml:182:9-184:46
191            android:name="io.nekohasekai.sagernet.ui.profile.WireGuardSettingsActivity"
191-->src\main\AndroidManifest.xml:183:13-88
192            android:configChanges="uiMode" />
192-->src\main\AndroidManifest.xml:184:13-43
193        <activity
193-->src\main\AndroidManifest.xml:185:9-187:46
194            android:name="io.nekohasekai.sagernet.ui.profile.TuicSettingsActivity"
194-->src\main\AndroidManifest.xml:186:13-83
195            android:configChanges="uiMode" />
195-->src\main\AndroidManifest.xml:187:13-43
196        <activity
196-->src\main\AndroidManifest.xml:188:9-190:46
197            android:name="io.nekohasekai.sagernet.ui.profile.ChainSettingsActivity"
197-->src\main\AndroidManifest.xml:189:13-84
198            android:configChanges="uiMode" />
198-->src\main\AndroidManifest.xml:190:13-43
199        <activity
199-->src\main\AndroidManifest.xml:191:9-193:46
200            android:name="moe.matsuri.nb4a.proxy.shadowtls.ShadowTLSSettingsActivity"
200-->src\main\AndroidManifest.xml:192:13-86
201            android:configChanges="uiMode" />
201-->src\main\AndroidManifest.xml:193:13-43
202        <activity
202-->src\main\AndroidManifest.xml:194:9-196:46
203            android:name="moe.matsuri.nb4a.proxy.anytls.AnyTLSSettingsActivity"
203-->src\main\AndroidManifest.xml:195:13-80
204            android:configChanges="uiMode" />
204-->src\main\AndroidManifest.xml:196:13-43
205        <activity
205-->src\main\AndroidManifest.xml:197:9-199:46
206            android:name="moe.matsuri.nb4a.proxy.config.ConfigSettingActivity"
206-->src\main\AndroidManifest.xml:198:13-79
207            android:configChanges="uiMode" />
207-->src\main\AndroidManifest.xml:199:13-43
208        <activity
208-->src\main\AndroidManifest.xml:200:9-202:46
209            android:name="io.nekohasekai.sagernet.ui.FloatingWindowSettingsActivity"
209-->src\main\AndroidManifest.xml:201:13-85
210            android:configChanges="uiMode" />
210-->src\main\AndroidManifest.xml:202:13-43
211        <activity
211-->src\main\AndroidManifest.xml:203:9-205:46
212            android:name="io.nekohasekai.sagernet.ui.GroupSettingsActivity"
212-->src\main\AndroidManifest.xml:204:13-76
213            android:configChanges="uiMode" />
213-->src\main\AndroidManifest.xml:205:13-43
214        <activity
214-->src\main\AndroidManifest.xml:206:9-208:46
215            android:name="io.nekohasekai.sagernet.ui.RouteSettingsActivity"
215-->src\main\AndroidManifest.xml:207:13-76
216            android:configChanges="uiMode" />
216-->src\main\AndroidManifest.xml:208:13-43
217        <activity
217-->src\main\AndroidManifest.xml:209:9-211:46
218            android:name="io.nekohasekai.sagernet.ui.AssetsActivity"
218-->src\main\AndroidManifest.xml:210:13-69
219            android:configChanges="uiMode" />
219-->src\main\AndroidManifest.xml:211:13-43
220        <activity
220-->src\main\AndroidManifest.xml:212:9-214:46
221            android:name="io.nekohasekai.sagernet.ui.AppListActivity"
221-->src\main\AndroidManifest.xml:213:13-70
222            android:configChanges="uiMode" />
222-->src\main\AndroidManifest.xml:214:13-43
223        <activity
223-->src\main\AndroidManifest.xml:215:9-227:20
224            android:name="io.nekohasekai.sagernet.QuickToggleShortcut"
224-->src\main\AndroidManifest.xml:216:13-48
225            android:excludeFromRecents="true"
225-->src\main\AndroidManifest.xml:217:13-46
226            android:exported="true"
226-->src\main\AndroidManifest.xml:218:13-36
227            android:label="@string/quick_toggle"
227-->src\main\AndroidManifest.xml:219:13-49
228            android:launchMode="singleTask"
228-->src\main\AndroidManifest.xml:220:13-44
229            android:process=":bg"
229-->src\main\AndroidManifest.xml:221:13-34
230            android:taskAffinity=""
230-->src\main\AndroidManifest.xml:222:13-36
231            android:theme="@android:style/Theme.Translucent.NoTitleBar" >
231-->src\main\AndroidManifest.xml:223:13-72
232            <intent-filter>
232-->src\main\AndroidManifest.xml:224:13-226:29
233                <action android:name="android.intent.action.CREATE_SHORTCUT" />
233-->src\main\AndroidManifest.xml:225:17-80
233-->src\main\AndroidManifest.xml:225:25-77
234            </intent-filter>
235        </activity>
236        <activity
236-->src\main\AndroidManifest.xml:228:9-234:61
237            android:name="io.nekohasekai.sagernet.ui.AppManagerActivity"
237-->src\main\AndroidManifest.xml:229:13-73
238            android:configChanges="uiMode"
238-->src\main\AndroidManifest.xml:230:13-43
239            android:excludeFromRecents="true"
239-->src\main\AndroidManifest.xml:231:13-46
240            android:label="@string/proxied_apps"
240-->src\main\AndroidManifest.xml:232:13-49
241            android:launchMode="singleTask"
241-->src\main\AndroidManifest.xml:233:13-44
242            android:parentActivityName="io.nekohasekai.sagernet.ui.MainActivity" />
242-->src\main\AndroidManifest.xml:234:13-58
243        <activity
243-->src\main\AndroidManifest.xml:235:9-241:84
244            android:name="io.nekohasekai.sagernet.ui.PluginManagerActivity"
244-->src\main\AndroidManifest.xml:236:13-76
245            android:configChanges="uiMode"
245-->src\main\AndroidManifest.xml:237:13-43
246            android:excludeFromRecents="true"
246-->src\main\AndroidManifest.xml:238:13-46
247            android:label="@string/plugin_manager_title"
247-->src\main\AndroidManifest.xml:239:13-57
248            android:launchMode="singleTask"
248-->src\main\AndroidManifest.xml:240:13-44
249            android:parentActivityName="io.nekohasekai.sagernet.ui.MainActivity" />
249-->src\main\AndroidManifest.xml:241:13-81
250        <activity
250-->src\main\AndroidManifest.xml:242:9-248:84
251            android:name="io.nekohasekai.sagernet.ui.ScannerActivity"
251-->src\main\AndroidManifest.xml:243:13-70
252            android:configChanges="uiMode"
252-->src\main\AndroidManifest.xml:244:13-43
253            android:excludeFromRecents="true"
253-->src\main\AndroidManifest.xml:245:13-46
254            android:label="@string/add_profile_methods_scan_qr_code"
254-->src\main\AndroidManifest.xml:246:13-69
255            android:launchMode="singleTask"
255-->src\main\AndroidManifest.xml:247:13-44
256            android:parentActivityName="io.nekohasekai.sagernet.ui.MainActivity" />
256-->src\main\AndroidManifest.xml:248:13-81
257        <activity
257-->src\main\AndroidManifest.xml:249:9-254:84
258            android:name="io.nekohasekai.sagernet.ui.ProfileSelectActivity"
258-->src\main\AndroidManifest.xml:250:13-76
259            android:configChanges="uiMode"
259-->src\main\AndroidManifest.xml:251:13-43
260            android:label="@string/select_profile"
260-->src\main\AndroidManifest.xml:252:13-51
261            android:launchMode="singleTask"
261-->src\main\AndroidManifest.xml:253:13-44
262            android:parentActivityName="io.nekohasekai.sagernet.ui.MainActivity" />
262-->src\main\AndroidManifest.xml:254:13-81
263        <activity
263-->src\main\AndroidManifest.xml:255:9-259:84
264            android:name="io.nekohasekai.sagernet.ui.StunActivity"
264-->src\main\AndroidManifest.xml:256:13-67
265            android:configChanges="uiMode"
265-->src\main\AndroidManifest.xml:257:13-43
266            android:launchMode="singleTask"
266-->src\main\AndroidManifest.xml:258:13-44
267            android:parentActivityName="io.nekohasekai.sagernet.ui.MainActivity" />
267-->src\main\AndroidManifest.xml:259:13-81
268        <activity
268-->src\main\AndroidManifest.xml:261:9-266:60
269            android:name="io.nekohasekai.sagernet.ui.SwitchActivity"
269-->src\main\AndroidManifest.xml:262:13-69
270            android:configChanges="uiMode"
270-->src\main\AndroidManifest.xml:263:13-43
271            android:excludeFromRecents="true"
271-->src\main\AndroidManifest.xml:264:13-46
272            android:launchMode="singleInstance"
272-->src\main\AndroidManifest.xml:265:13-48
273            android:theme="@style/Theme.SagerNet.Dialog" />
273-->src\main\AndroidManifest.xml:266:13-57
274
275        <service
275-->src\main\AndroidManifest.xml:268:9-273:58
276            android:name="io.nekohasekai.sagernet.bg.ProxyService"
276-->src\main\AndroidManifest.xml:269:13-67
277            android:exported="false"
277-->src\main\AndroidManifest.xml:270:13-37
278            android:foregroundServiceType="systemExempted"
278-->src\main\AndroidManifest.xml:271:13-59
279            android:process=":bg" />
279-->src\main\AndroidManifest.xml:272:13-34
280        <service
280-->src\main\AndroidManifest.xml:275:9-287:19
281            android:name="io.nekohasekai.sagernet.bg.VpnService"
281-->src\main\AndroidManifest.xml:276:13-65
282            android:exported="false"
282-->src\main\AndroidManifest.xml:277:13-37
283            android:foregroundServiceType="systemExempted"
283-->src\main\AndroidManifest.xml:278:13-59
284            android:label="@string/app_name"
284-->src\main\AndroidManifest.xml:279:13-45
285            android:permission="android.permission.BIND_VPN_SERVICE"
285-->src\main\AndroidManifest.xml:280:13-69
286            android:process=":bg" >
286-->src\main\AndroidManifest.xml:281:13-34
287            <intent-filter>
287-->src\main\AndroidManifest.xml:284:13-286:29
288                <action android:name="android.net.VpnService" />
288-->src\main\AndroidManifest.xml:285:17-65
288-->src\main\AndroidManifest.xml:285:25-62
289            </intent-filter>
290        </service>
291        <service
291-->src\main\AndroidManifest.xml:289:9-305:19
292            android:name="io.nekohasekai.sagernet.bg.TileService"
292-->src\main\AndroidManifest.xml:290:13-66
293            android:exported="true"
293-->src\main\AndroidManifest.xml:291:13-36
294            android:foregroundServiceType="systemExempted"
294-->src\main\AndroidManifest.xml:292:13-59
295            android:icon="@drawable/ic_service_active"
295-->src\main\AndroidManifest.xml:293:13-55
296            android:label="@string/tile_title"
296-->src\main\AndroidManifest.xml:294:13-47
297            android:permission="android.permission.BIND_QUICK_SETTINGS_TILE"
297-->src\main\AndroidManifest.xml:295:13-77
298            android:process=":bg" >
298-->src\main\AndroidManifest.xml:296:13-34
299            <intent-filter>
299-->src\main\AndroidManifest.xml:299:13-301:29
300                <action android:name="android.service.quicksettings.action.QS_TILE" />
300-->src\main\AndroidManifest.xml:300:17-87
300-->src\main\AndroidManifest.xml:300:25-84
301            </intent-filter>
302
303            <meta-data
303-->src\main\AndroidManifest.xml:302:13-304:40
304                android:name="android.service.quicksettings.TOGGLEABLE_TILE"
304-->src\main\AndroidManifest.xml:303:17-77
305                android:value="true" />
305-->src\main\AndroidManifest.xml:304:17-37
306        </service>
307        <service
307-->src\main\AndroidManifest.xml:307:9-309:40
308            android:name="io.nekohasekai.sagernet.ui.FloatingWindowService"
308-->src\main\AndroidManifest.xml:308:13-76
309            android:exported="false" />
309-->src\main\AndroidManifest.xml:309:13-37
310
311        <!-- 向外部插件暴露的宿主侧服务，用于控制悬浮窗等行为 -->
312        <service
312-->src\main\AndroidManifest.xml:312:9-318:19
313            android:name="io.nekohasekai.sagernet.plugin.PluginHostService"
313-->src\main\AndroidManifest.xml:313:13-76
314            android:exported="true" >
314-->src\main\AndroidManifest.xml:314:13-36
315            <intent-filter>
315-->src\main\AndroidManifest.xml:315:13-317:29
316                <action android:name="io.nekohasekai.sagernet.action.PLUGIN_HOST" />
316-->src\main\AndroidManifest.xml:316:17-85
316-->src\main\AndroidManifest.xml:316:25-82
317            </intent-filter>